2024-10-12 12:48:25 INFO  o.h.validator.internal.util.Version - HV000001: Hibernate Validator 8.0.1.Final
2024-10-12 12:48:25 INFO  c.e.s.S.SpringExampleApplication - Starting SpringExampleApplication using Java 17.0.12 with PID 30900 (C:\Users\Michail\Downloads\SpringExample\target\classes started by Michail in C:\Users\Michail\Downloads\SpringExample)
2024-10-12 12:48:25 DEBUG c.e.s.S.SpringExampleApplication - Running with Spring Boot v3.3.4, Spring v6.1.13
2024-10-12 12:48:25 INFO  c.e.s.S.SpringExampleApplication - No active profile set, falling back to 1 default profile: "default"
2024-10-12 12:48:26 INFO  o.s.d.r.c.RepositoryConfigurationDelegate - Bootstrapping Spring Data JPA repositories in DEFAULT mode.
2024-10-12 12:48:26 INFO  o.s.d.r.c.RepositoryConfigurationDelegate - Finished Spring Data repository scanning in 34 ms. Found 2 JPA repository interfaces.
2024-10-12 12:48:26 INFO  o.s.b.w.e.tomcat.TomcatWebServer - Tomcat initialized with port 8080 (http)
2024-10-12 12:48:26 INFO  o.a.coyote.http11.Http11NioProtocol - Initializing ProtocolHandler ["http-nio-8080"]
2024-10-12 12:48:26 INFO  o.a.catalina.core.StandardService - Starting service [Tomcat]
2024-10-12 12:48:26 INFO  o.a.catalina.core.StandardEngine - Starting Servlet engine: [Apache Tomcat/10.1.30]
2024-10-12 12:48:26 INFO  o.a.c.c.C.[Tomcat].[localhost].[/] - Initializing Spring embedded WebApplicationContext
2024-10-12 12:48:26 INFO  o.s.b.w.s.c.ServletWebServerApplicationContext - Root WebApplicationContext: initialization completed in 1101 ms
2024-10-12 12:48:27 INFO  com.zaxxer.hikari.HikariDataSource - HikariPool-1 - Starting...
2024-10-12 12:48:27 INFO  com.zaxxer.hikari.pool.HikariPool - HikariPool-1 - Added connection org.postgresql.jdbc.PgConnection@20a3e10c
2024-10-12 12:48:27 INFO  com.zaxxer.hikari.HikariDataSource - HikariPool-1 - Start completed.
2024-10-12 12:48:27 INFO  liquibase.database - Set default schema name to public
2024-10-12 12:48:27 INFO  liquibase.changelog - Reading from public.databasechangelog
2024-10-12 12:48:27 INFO  liquibase.ui - Database is up to date, no changesets to execute
2024-10-12 12:48:27 INFO  liquibase.changelog - Reading from public.databasechangelog
2024-10-12 12:48:27 INFO  liquibase.util - UPDATE SUMMARY
2024-10-12 12:48:27 INFO  liquibase.util - Run:                          0
2024-10-12 12:48:27 INFO  liquibase.util - Previously run:               4
2024-10-12 12:48:27 INFO  liquibase.util - Filtered out:                 0
2024-10-12 12:48:27 INFO  liquibase.util - -------------------------------
2024-10-12 12:48:27 INFO  liquibase.util - Total change sets:            4
2024-10-12 12:48:27 INFO  liquibase.util - Update summary generated
2024-10-12 12:48:27 INFO  liquibase.lockservice - Successfully released change log lock
2024-10-12 12:48:27 INFO  liquibase.command - Command execution complete
2024-10-12 12:48:27 INFO  o.h.jpa.internal.util.LogHelper - HHH000204: Processing PersistenceUnitInfo [name: default]
2024-10-12 12:48:27 INFO  org.hibernate.Version - HHH000412: Hibernate ORM core version 6.5.3.Final
2024-10-12 12:48:27 INFO  o.h.c.i.RegionFactoryInitiator - HHH000026: Second-level cache disabled
2024-10-12 12:48:28 INFO  o.s.o.j.p.SpringPersistenceUnitInfo - No LoadTimeWeaver setup: ignoring JPA class transformer
2024-10-12 12:48:28 INFO  o.h.e.t.j.p.i.JtaPlatformInitiator - HHH000489: No JTA platform available (set 'hibernate.transaction.jta.platform' to enable JTA platform integration)
2024-10-12 12:48:28 INFO  o.s.o.j.LocalContainerEntityManagerFactoryBean - Initialized JPA EntityManagerFactory for persistence unit 'default'
2024-10-12 12:48:29 WARN  o.s.b.a.o.j.JpaBaseConfiguration$JpaWebConfiguration - spring.jpa.open-in-view is enabled by default. Therefore, database queries may be performed during view rendering. Explicitly configure spring.jpa.open-in-view to disable this warning
2024-10-12 12:48:29 INFO  c.e.s.S.security.SecurityConfig - Configuring DaoAuthenticationProvider bean
2024-10-12 12:48:29 INFO  c.e.s.S.security.SecurityConfig - Configuring CustomUserDetailsService bean
2024-10-12 12:48:29 INFO  c.e.s.S.security.SecurityConfig - Creating BCryptPasswordEncoder bean
2024-10-12 12:48:29 DEBUG c.e.s.S.security.SecurityConfig - Password encoder set to BCryptPasswordEncoder
2024-10-12 12:48:29 INFO  o.s.s.c.a.a.c.InitializeAuthenticationProviderBeanManagerConfigurer$InitializeAuthenticationProviderManagerConfigurer - Global AuthenticationManager configured with AuthenticationProvider bean with name authenticationProvider
2024-10-12 12:48:29 WARN  o.s.s.c.a.a.c.InitializeUserDetailsBeanManagerConfigurer$InitializeUserDetailsManagerConfigurer - Global AuthenticationManager configured with an AuthenticationProvider bean. UserDetailsService beans will not be used for username/password login. Consider removing the AuthenticationProvider bean. Alternatively, consider using the UserDetailsService in a manually instantiated DaoAuthenticationProvider.
2024-10-12 12:48:29 INFO  c.e.s.S.security.SecurityConfig - Configuring SecurityFilterChain
2024-10-12 12:48:29 INFO  c.e.s.S.security.SecurityConfig - Configuring authorization for requests
2024-10-12 12:48:29 INFO  o.a.coyote.http11.Http11NioProtocol - Starting ProtocolHandler ["http-nio-8080"]
2024-10-12 12:48:29 INFO  o.s.b.w.e.tomcat.TomcatWebServer - Tomcat started on port 8080 (http) with context path '/'
2024-10-12 12:48:29 INFO  c.e.s.S.SpringExampleApplication - Started SpringExampleApplication in 4.22 seconds (process running for 5.043)
2024-10-12 12:48:41 INFO  o.a.c.c.C.[Tomcat].[localhost].[/] - Initializing Spring DispatcherServlet 'dispatcherServlet'
2024-10-12 12:48:41 INFO  o.s.web.servlet.DispatcherServlet - Initializing Servlet 'dispatcherServlet'
2024-10-12 12:48:41 INFO  o.s.web.servlet.DispatcherServlet - Completed initialization in 1 ms
2024-10-12 12:48:41 INFO  c.e.s.S.s.CustomUserDetailsService - Attempting to load user by username: testuser3
2024-10-12 12:48:41 INFO  c.e.s.S.security.CustomUserDetails - CustomUserDetails initialized for user: testuser3
2024-10-12 12:48:41 DEBUG c.e.s.S.security.CustomUserDetails - CustomUserDetails getPassword for user: testuser3
2024-10-12 12:48:41 DEBUG c.e.s.S.security.CustomUserDetails - CustomUserDetails getAuthorities for user: testuser3
2024-10-12 12:48:41 INFO  c.e.s.S.Controllers.WishController - Fetching all wishes
2024-10-12 12:48:41 INFO  c.e.s.S.services.WishGRUDService - Fetching all wishes
2024-10-12 12:48:41 INFO  c.e.s.S.services.WishGRUDService - Total wishes found: 2
2024-10-12 12:48:41 INFO  c.e.s.S.Controllers.WishController - Total wishes found: 2
2024-10-12 12:48:41 DEBUG c.e.s.S.security.CustomUserDetails - CustomUserDetails getUsername: testuser3
2024-10-12 12:48:45 INFO  c.e.s.S.s.CustomUserDetailsService - Attempting to load user by username: testuser3
2024-10-12 12:48:45 INFO  c.e.s.S.security.CustomUserDetails - CustomUserDetails initialized for user: testuser3
2024-10-12 12:48:45 DEBUG c.e.s.S.security.CustomUserDetails - CustomUserDetails getPassword for user: testuser3
2024-10-12 12:48:45 DEBUG c.e.s.S.security.CustomUserDetails - CustomUserDetails getAuthorities for user: testuser3
2024-10-12 12:48:45 INFO  c.e.s.S.services.WishGRUDService - Fetching wishes for user ID: 1 with filters - category: null, status: IN_PROGRESS
2024-10-12 12:48:45 INFO  c.e.s.S.services.WishGRUDService - Wishes retrieved for user ID: 1
2024-10-12 12:48:45 WARN  o.s.d.w.c.SpringDataJacksonConfiguration$PageModule$WarningLoggingModifier - Serializing PageImpl instances as-is is not supported, meaning that there is no guarantee about the stability of the resulting JSON structure!
	For a stable JSON structure, please use Spring Data's PagedModel (globally via @EnableSpringDataWebSupport(pageSerializationMode = VIA_DTO))
	or Spring HATEOAS and Spring Data's PagedResourcesAssembler as documented in https://docs.spring.io/spring-data/commons/reference/repositories/core-extensions.html#core.web.pageables.

2024-10-12 12:48:45 DEBUG c.e.s.S.security.CustomUserDetails - CustomUserDetails getUsername: testuser3
2024-10-12 12:48:54 INFO  c.e.s.S.s.CustomUserDetailsService - Attempting to load user by username: testuser3
2024-10-12 12:48:54 INFO  c.e.s.S.security.CustomUserDetails - CustomUserDetails initialized for user: testuser3
2024-10-12 12:48:54 DEBUG c.e.s.S.security.CustomUserDetails - CustomUserDetails getPassword for user: testuser3
2024-10-12 12:48:54 DEBUG c.e.s.S.security.CustomUserDetails - CustomUserDetails getAuthorities for user: testuser3
2024-10-12 12:48:54 INFO  c.e.s.S.Controllers.WishController - Creating new wish: WishDto(id=null, title=Learn Java, description=Complete the Java certification by the end of the year., category=HIGH, priority=HIGH, expectedCompletionDate=2027-12-31, status=COMPLETED, userId=3)
2024-10-12 12:48:54 INFO  c.e.s.S.services.WishGRUDService - Creating new wish: WishDto(id=null, title=Learn Java, description=Complete the Java certification by the end of the year., category=HIGH, priority=HIGH, expectedCompletionDate=2027-12-31, status=COMPLETED, userId=3)
2024-10-12 12:48:54 INFO  c.e.s.SpringExample.utils.WishMapper - toEntity WishDto,user : WishDto(id=null, title=Learn Java, description=Complete the Java certification by the end of the year., category=HIGH, priority=HIGH, expectedCompletionDate=2027-12-31, status=COMPLETED, userId=3)User(id=3, username=testuser3, email=testuser3@example.com, password=$2a$10$GamZxWJQwiOu165bg4ayW.3bXckvQJGLjX7lUqHXL7jktzUiATx1C, firstName=Smith, lastName=Jane, createdAt=2024-10-11T11:25:17.718962, updatedAt=2024-10-11T11:25:17.718962, role=USER, status=ACTIVE)
2024-10-12 12:48:54 INFO  c.e.s.S.services.WishGRUDService - Wish created successfully: Learn Java
2024-10-12 12:48:54 INFO  c.e.s.S.Controllers.WishController - Wish created successfully: WishDto(id=null, title=Learn Java, description=Complete the Java certification by the end of the year., category=HIGH, priority=HIGH, expectedCompletionDate=2027-12-31, status=COMPLETED, userId=3)
2024-10-12 12:48:54 DEBUG c.e.s.S.security.CustomUserDetails - CustomUserDetails getUsername: testuser3
2024-10-12 12:48:58 INFO  c.e.s.S.s.CustomUserDetailsService - Attempting to load user by username: testuser3
2024-10-12 12:48:58 INFO  c.e.s.S.security.CustomUserDetails - CustomUserDetails initialized for user: testuser3
2024-10-12 12:48:58 DEBUG c.e.s.S.security.CustomUserDetails - CustomUserDetails getPassword for user: testuser3
2024-10-12 12:48:59 DEBUG c.e.s.S.security.CustomUserDetails - CustomUserDetails getAuthorities for user: testuser3
2024-10-12 12:48:59 INFO  c.e.s.S.Controllers.WishController - Updating wish with id: 25
2024-10-12 12:48:59 INFO  c.e.s.S.services.WishGRUDService - Updating wish with ID: 25
2024-10-12 12:48:59 WARN  c.e.s.S.services.WishGRUDService - Wish not found with ID: 25
2024-10-12 12:48:59 ERROR c.e.s.S.services.WishGRUDService - Error updating wish with ID: 25
2024-10-12 12:48:59 ERROR c.e.s.S.C.GlobalExceptionHandler - Server error: Error updating wish: Wish not found with ID: 25
2024-10-12 12:48:59 DEBUG c.e.s.S.security.CustomUserDetails - CustomUserDetails getUsername: testuser3
2024-10-12 12:49:07 INFO  c.e.s.S.s.CustomUserDetailsService - Attempting to load user by username: testuser3
2024-10-12 12:49:07 INFO  c.e.s.S.security.CustomUserDetails - CustomUserDetails initialized for user: testuser3
2024-10-12 12:49:07 DEBUG c.e.s.S.security.CustomUserDetails - CustomUserDetails getPassword for user: testuser3
2024-10-12 12:49:07 DEBUG c.e.s.S.security.CustomUserDetails - CustomUserDetails getAuthorities for user: testuser3
2024-10-12 12:49:07 INFO  c.e.s.S.Controllers.WishController - Updating wish with id: 1
2024-10-12 12:49:07 INFO  c.e.s.S.services.WishGRUDService - Updating wish with ID: 1
2024-10-12 12:49:07 INFO  c.e.s.SpringExample.utils.WishMapper - toEntity WishDto,user : WishDto(id=0, title=Learn Java, description=Complete the Java certification by the end of the year., category=Education, priority=MEDIUM, expectedCompletionDate=2024-12-31, status=IN_PROGRESS, userId=3)User(id=1, username=testuser1, email=testuser1@example.com, password=testpassword1, firstName=John, lastName=Doe, createdAt=2024-10-11T00:00, updatedAt=2024-10-11T00:00, role=USER, status=ACTIVE)
2024-10-12 12:49:07 INFO  c.e.s.S.services.WishGRUDService - Wish updated successfully with ID: 1
2024-10-12 12:49:07 INFO  c.e.s.S.Controllers.WishController - Wish updated: WishDto(id=0, title=Learn Java, description=Complete the Java certification by the end of the year., category=Education, priority=MEDIUM, expectedCompletionDate=2024-12-31, status=IN_PROGRESS, userId=3)
2024-10-12 12:49:07 DEBUG c.e.s.S.security.CustomUserDetails - CustomUserDetails getUsername: testuser3
2024-10-12 12:49:13 INFO  c.e.s.S.s.CustomUserDetailsService - Attempting to load user by username: testuser3
2024-10-12 12:49:13 INFO  c.e.s.S.security.CustomUserDetails - CustomUserDetails initialized for user: testuser3
2024-10-12 12:49:13 DEBUG c.e.s.S.security.CustomUserDetails - CustomUserDetails getPassword for user: testuser3
2024-10-12 12:49:13 DEBUG c.e.s.S.security.CustomUserDetails - CustomUserDetails getAuthorities for user: testuser3
2024-10-12 12:49:13 INFO  c.e.s.S.Controllers.WishController - Deleting wish with id: 4
2024-10-12 12:49:13 INFO  c.e.s.S.services.WishGRUDService - Deleting wish with ID: 4
2024-10-12 12:49:13 INFO  c.e.s.S.services.WishGRUDService - Wish deleted successfully with ID: 4
2024-10-12 12:49:13 INFO  c.e.s.S.Controllers.WishController - Wish with id 4 deleted
2024-10-12 12:49:13 DEBUG c.e.s.S.security.CustomUserDetails - CustomUserDetails getUsername: testuser3
